<?xml version="1.0" encoding="UTF-8"?>
<testng-results skipped="0" failed="0" ignored="0" total="1" passed="1">
  <reporter-output>
  </reporter-output>
  <suite name="Suite" duration-ms="25592" started-at="2019-08-23T05:13:22Z" finished-at="2019-08-23T05:13:48Z">
    <groups>
    </groups>
    <test name="ChromeTest" duration-ms="25592" started-at="2019-08-23T05:13:22Z" finished-at="2019-08-23T05:13:48Z">
      <class name="com.clc.test.cases.TC_Login_3">
        <test-method status="PASS" signature="setUp(java.lang.String)[pri:0, instance:com.clc.test.cases.TC_Login_3@7d9d1a19]" name="setUp" is-config="true" duration-ms="12841" started-at="2019-08-23T05:13:23Z" finished-at="2019-08-23T05:13:36Z">
          <params>
            <param index="0">
              <value>
                <![CDATA[chrome]]>
              </value>
            </param>
          </params>
          <reporter-output>
          </reporter-output>
        </test-method> <!-- setUp -->
        <test-method status="PASS" signature="addCustomer()[pri:0, instance:com.clc.test.cases.TC_Login_3@7d9d1a19]" name="addCustomer" duration-ms="10159" started-at="2019-08-23T05:13:36Z" finished-at="2019-08-23T05:13:46Z">
          <reporter-output>
          </reporter-output>
        </test-method> <!-- addCustomer -->
        <test-method status="PASS" signature="tearDown()[pri:0, instance:com.clc.test.cases.TC_Login_3@7d9d1a19]" name="tearDown" is-config="true" duration-ms="2126" started-at="2019-08-23T05:13:46Z" finished-at="2019-08-23T05:13:48Z">
          <reporter-output>
          </reporter-output>
        </test-method> <!-- tearDown -->
      </class> <!-- com.clc.test.cases.TC_Login_3 -->
    </test> <!-- ChromeTest -->
  </suite> <!-- Suite -->
</testng-results>
